# JRE version: OpenJDK Runtime Environment Microsoft-7208460 (11.0.18+10) (build 11.0.18+10-LTS)
# Java VM: OpenJDK 64-Bit Server VM Microsoft-7208460 (11.0.18+10-LTS, mixed mode, tiered, compressed oops, g1 gc, windows-amd64)
Heap:
 garbage-first heap   total 126976K, used 17411K [0x0000000080000000, 0x0000000100000000)
  region size 1024K, 3 young (3072K), 2 survivors (2048K)
 Metaspace       used 20801K, capacity 21362K, committed 21552K, reserved 536576K
  class space    used 2496K, capacity 2664K, committed 2688K, reserved 516096K
GC Heap History (10 events):
Event: 1.986 GC heap before
{Heap before GC invocations=0 (full 0):
 garbage-first heap   total 126976K, used 16384K [0x0000000080000000, 0x0000000100000000)
  region size 1024K, 14 young (14336K), 0 survivors (0K)
 Metaspace       used 6777K, capacity 6989K, committed 7168K, reserved 524288K
  class space    used 573K, capacity 650K, committed 768K, reserved 516096K
}
Event: 2.012 GC heap after
{Heap after GC invocations=1 (full 0):
 garbage-first heap   total 126976K, used 3839K [0x0000000080000000, 0x0000000100000000)
  region size 1024K, 2 young (2048K), 2 survivors (2048K)
 Metaspace       used 6777K, capacity 6989K, committed 7168K, reserved 524288K
  class space    used 573K, capacity 650K, committed 768K, reserved 516096K
}
Event: 2.905 GC heap before
{Heap before GC invocations=1 (full 0):
 garbage-first heap   total 126976K, used 17151K [0x0000000080000000, 0x0000000100000000)
  region size 1024K, 13 young (13312K), 2 survivors (2048K)
 Metaspace       used 10177K, capacity 10452K, committed 10624K, reserved 526336K
  class space    used 1033K, capacity 1105K, committed 1152K, reserved 516096K
}
Event: 2.911 GC heap after
{Heap after GC invocations=2 (full 0):
 garbage-first heap   total 126976K, used 9405K [0x0000000080000000, 0x0000000100000000)
  region size 1024K, 2 young (2048K), 2 survivors (2048K)
 Metaspace       used 10177K, capacity 10452K, committed 10624K, reserved 526336K
  class space    used 1033K, capacity 1105K, committed 1152K, reserved 516096K
}
Event: 3.904 GC heap before
{Heap before GC invocations=2 (full 0):
 garbage-first heap   total 126976K, used 36029K [0x0000000080000000, 0x0000000100000000)
  region size 1024K, 28 young (28672K), 2 survivors (2048K)
 Metaspace       used 11232K, capacity 11505K, committed 11776K, reserved 528384K
  class space    used 1145K, capacity 1243K, committed 1280K, reserved 516096K
}
Event: 3.909 GC heap after
{Heap after GC invocations=3 (full 0):
 garbage-first heap   total 126976K, used 10832K [0x0000000080000000, 0x0000000100000000)
  region size 1024K, 4 young (4096K), 4 survivors (4096K)
 Metaspace       used 11232K, capacity 11505K, committed 11776K, reserved 528384K
  class space    used 1145K, capacity 1243K, committed 1280K, reserved 516096K
}
Event: 6.585 GC heap before
{Heap before GC invocations=3 (full 0):
 garbage-first heap   total 126976K, used 51792K [0x0000000080000000, 0x0000000100000000)
  region size 1024K, 43 young (44032K), 4 survivors (4096K)
 Metaspace       used 17664K, capacity 18034K, committed 18304K, reserved 532480K
  class space    used 2046K, capacity 2146K, committed 2176K, reserved 516096K
}
Event: 6.642 GC heap after
{Heap after GC invocations=4 (full 0):
 garbage-first heap   total 126976K, used 16056K [0x0000000080000000, 0x0000000100000000)
  region size 1024K, 6 young (6144K), 6 survivors (6144K)
 Metaspace       used 17664K, capacity 18034K, committed 18304K, reserved 532480K
  class space    used 2046K, capacity 2146K, committed 2176K, reserved 516096K
}
Event: 7.284 GC heap before
{Heap before GC invocations=4 (full 0):
 garbage-first heap   total 126976K, used 40632K [0x0000000080000000, 0x0000000100000000)
  region size 1024K, 31 young (31744K), 6 survivors (6144K)
 Metaspace       used 20660K, capacity 21125K, committed 21296K, reserved 536576K
  class space    used 2471K, capacity 2626K, committed 2688K, reserved 516096K
}
Event: 7.292 GC heap after
{Heap after GC invocations=5 (full 0):
 garbage-first heap   total 126976K, used 17411K [0x0000000080000000, 0x0000000100000000)
  region size 1024K, 2 young (2048K), 2 survivors (2048K)
 Metaspace       used 20660K, capacity 21125K, committed 21296K, reserved 536576K
  class space    used 2471K, capacity 2626K, committed 2688K, reserved 516096K
}

