# JRE version: OpenJDK Runtime Environment Microsoft-7208460 (11.0.18+10) (build 11.0.18+10-LTS)
# Java VM: OpenJDK 64-Bit Server VM Microsoft-7208460 (11.0.18+10-LTS, mixed mode, tiered, compressed oops, g1 gc, windows-amd64)
Heap:
 garbage-first heap   total 126976K, used 106841K [0x0000000080000000, 0x0000000100000000)
  region size 1024K, 14 young (14336K), 2 survivors (2048K)
 Metaspace       used 98971K, capacity 101663K, committed 101844K, reserved 604160K
  class space    used 12898K, capacity 13933K, committed 14028K, reserved 516096K
GC Heap History (20 events):
Event: 69.453 GC heap before
{Heap before GC invocations=36 (full 0):
 garbage-first heap   total 126976K, used 106898K [0x0000000080000000, 0x0000000100000000)
  region size 1024K, 29 young (29696K), 4 survivors (4096K)
 Metaspace       used 96461K, capacity 98969K, committed 99284K, reserved 602112K
  class space    used 12654K, capacity 13648K, committed 13772K, reserved 516096K
}
Event: 69.469 GC heap after
{Heap after GC invocations=37 (full 0):
 garbage-first heap   total 126976K, used 84425K [0x0000000080000000, 0x0000000100000000)
  region size 1024K, 4 young (4096K), 4 survivors (4096K)
 Metaspace       used 96461K, capacity 98969K, committed 99284K, reserved 602112K
  class space    used 12654K, capacity 13648K, committed 13772K, reserved 516096K
}
Event: 69.916 GC heap before
{Heap before GC invocations=37 (full 0):
 garbage-first heap   total 126976K, used 106953K [0x0000000080000000, 0x0000000100000000)
  region size 1024K, 27 young (27648K), 4 survivors (4096K)
 Metaspace       used 97245K, capacity 99793K, committed 100052K, reserved 604160K
  class space    used 12751K, capacity 13765K, committed 13772K, reserved 516096K
}
Event: 69.928 GC heap after
{Heap after GC invocations=38 (full 0):
 garbage-first heap   total 126976K, used 87094K [0x0000000080000000, 0x0000000100000000)
  region size 1024K, 3 young (3072K), 3 survivors (3072K)
 Metaspace       used 97245K, capacity 99793K, committed 100052K, reserved 604160K
  class space    used 12751K, capacity 13765K, committed 13772K, reserved 516096K
}
Event: 70.417 GC heap before
{Heap before GC invocations=39 (full 0):
 garbage-first heap   total 126976K, used 106550K [0x0000000080000000, 0x0000000100000000)
  region size 1024K, 23 young (23552K), 3 survivors (3072K)
 Metaspace       used 97493K, capacity 100082K, committed 100180K, reserved 604160K
  class space    used 12764K, capacity 13813K, committed 13900K, reserved 516096K
}
Event: 70.423 GC heap after
{Heap after GC invocations=40 (full 0):
 garbage-first heap   total 126976K, used 87898K [0x0000000080000000, 0x0000000100000000)
  region size 1024K, 2 young (2048K), 2 survivors (2048K)
 Metaspace       used 97493K, capacity 100082K, committed 100180K, reserved 604160K
  class space    used 12764K, capacity 13813K, committed 13900K, reserved 516096K
}
Event: 70.956 GC heap before
{Heap before GC invocations=40 (full 0):
 garbage-first heap   total 126976K, used 106330K [0x0000000080000000, 0x0000000100000000)
  region size 1024K, 21 young (21504K), 2 survivors (2048K)
 Metaspace       used 98006K, capacity 100604K, committed 100692K, reserved 604160K
  class space    used 12833K, capacity 13850K, committed 13900K, reserved 516096K
}
Event: 70.965 GC heap after
{Heap after GC invocations=41 (full 0):
 garbage-first heap   total 126976K, used 88997K [0x0000000080000000, 0x0000000100000000)
  region size 1024K, 3 young (3072K), 3 survivors (3072K)
 Metaspace       used 98006K, capacity 100604K, committed 100692K, reserved 604160K
  class space    used 12833K, capacity 13850K, committed 13900K, reserved 516096K
}
Event: 71.314 GC heap before
{Heap before GC invocations=42 (full 0):
 garbage-first heap   total 126976K, used 108453K [0x0000000080000000, 0x0000000100000000)
  region size 1024K, 22 young (22528K), 3 survivors (3072K)
 Metaspace       used 98069K, capacity 100554K, committed 100692K, reserved 604160K
  class space    used 12820K, capacity 13826K, committed 13900K, reserved 516096K
}
Event: 71.321 GC heap after
{Heap after GC invocations=43 (full 0):
 garbage-first heap   total 126976K, used 91519K [0x0000000080000000, 0x0000000100000000)
  region size 1024K, 3 young (3072K), 3 survivors (3072K)
 Metaspace       used 98069K, capacity 100554K, committed 100692K, reserved 604160K
  class space    used 12820K, capacity 13826K, committed 13900K, reserved 516096K
}
Event: 71.866 GC heap before
{Heap before GC invocations=43 (full 0):
 garbage-first heap   total 126976K, used 106879K [0x0000000080000000, 0x0000000100000000)
  region size 1024K, 19 young (19456K), 3 survivors (3072K)
 Metaspace       used 98078K, capacity 100554K, committed 100692K, reserved 604160K
  class space    used 12821K, capacity 13826K, committed 13900K, reserved 516096K
}
Event: 71.871 GC heap after
{Heap after GC invocations=44 (full 0):
 garbage-first heap   total 126976K, used 92489K [0x0000000080000000, 0x0000000100000000)
  region size 1024K, 1 young (1024K), 1 survivors (1024K)
 Metaspace       used 98078K, capacity 100554K, committed 100692K, reserved 604160K
  class space    used 12821K, capacity 13826K, committed 13900K, reserved 516096K
}
Event: 72.318 GC heap before
{Heap before GC invocations=45 (full 0):
 garbage-first heap   total 126976K, used 107849K [0x0000000080000000, 0x0000000100000000)
  region size 1024K, 16 young (16384K), 1 survivors (1024K)
 Metaspace       used 98072K, capacity 100544K, committed 100692K, reserved 604160K
  class space    used 12819K, capacity 13822K, committed 13900K, reserved 516096K
}
Event: 72.321 GC heap after
{Heap after GC invocations=46 (full 0):
 garbage-first heap   total 126976K, used 93100K [0x0000000080000000, 0x0000000100000000)
  region size 1024K, 2 young (2048K), 2 survivors (2048K)
 Metaspace       used 98072K, capacity 100544K, committed 100692K, reserved 604160K
  class space    used 12819K, capacity 13822K, committed 13900K, reserved 516096K
}
Event: 72.526 GC heap before
{Heap before GC invocations=46 (full 0):
 garbage-first heap   total 126976K, used 102316K [0x0000000080000000, 0x0000000100000000)
  region size 1024K, 12 young (12288K), 2 survivors (2048K)
 Metaspace       used 98081K, capacity 100609K, committed 100948K, reserved 604160K
  class space    used 12819K, capacity 13822K, committed 13900K, reserved 516096K
}
Event: 72.530 GC heap after
{Heap after GC invocations=47 (full 0):
 garbage-first heap   total 126976K, used 93438K [0x0000000080000000, 0x0000000100000000)
  region size 1024K, 2 young (2048K), 2 survivors (2048K)
 Metaspace       used 98081K, capacity 100609K, committed 100948K, reserved 604160K
  class space    used 12819K, capacity 13822K, committed 13900K, reserved 516096K
}
Event: 73.104 GC heap before
{Heap before GC invocations=48 (full 0):
 garbage-first heap   total 126976K, used 110846K [0x0000000080000000, 0x0000000100000000)
  region size 1024K, 16 young (16384K), 2 survivors (2048K)
 Metaspace       used 98505K, capacity 101007K, committed 101204K, reserved 604160K
  class space    used 12862K, capacity 13877K, committed 13900K, reserved 516096K
}
Event: 73.108 GC heap after
{Heap after GC invocations=49 (full 0):
 garbage-first heap   total 126976K, used 94651K [0x0000000080000000, 0x0000000100000000)
  region size 1024K, 2 young (2048K), 2 survivors (2048K)
 Metaspace       used 98505K, capacity 101007K, committed 101204K, reserved 604160K
  class space    used 12862K, capacity 13877K, committed 13900K, reserved 516096K
}
Event: 262.829 GC heap before
{Heap before GC invocations=49 (full 0):
 garbage-first heap   total 126976K, used 107963K [0x0000000080000000, 0x0000000100000000)
  region size 1024K, 16 young (16384K), 2 survivors (2048K)
 Metaspace       used 98862K, capacity 101434K, committed 101588K, reserved 604160K
  class space    used 12885K, capacity 13909K, committed 14028K, reserved 516096K
}
Event: 262.834 GC heap after
{Heap after GC invocations=50 (full 0):
 garbage-first heap   total 126976K, used 95577K [0x0000000080000000, 0x0000000100000000)
  region size 1024K, 2 young (2048K), 2 survivors (2048K)
 Metaspace       used 98862K, capacity 101434K, committed 101588K, reserved 604160K
  class space    used 12885K, capacity 13909K, committed 14028K, reserved 516096K
}

